[25-May-2017 16:53:25 UTC] PHP Notice:  Undefined offset: 1 in /srv/www/por2folio/htdocs/wp-admin/includes/dashboard.php on line 1227
[26-May-2017 12:11:48 UTC] PHP Notice:  Undefined offset: 1 in /srv/www/por2folio/htdocs/wp-admin/includes/dashboard.php on line 1227
[26-May-2017 17:03:30 UTC] PHP Notice:  Undefined property: bawlogItems::$ID in /srv/www/por2folio/htdocs/wp-content/plugins/nav-menu-roles/nav-menu-roles.php on line 420
[26-May-2017 17:03:30 UTC] PHP Notice:  Undefined property: bawlogItems::$ID in /srv/www/por2folio/htdocs/wp-content/plugins/nav-menu-roles/nav-menu-roles.php on line 420
[26-May-2017 17:03:30 UTC] PHP Notice:  Undefined property: bawlogItems::$ID in /srv/www/por2folio/htdocs/wp-content/plugins/nav-menu-roles/nav-menu-roles.php on line 420
[26-May-2017 17:03:30 UTC] PHP Notice:  Undefined property: bawlogItems::$ID in /srv/www/por2folio/htdocs/wp-content/plugins/nav-menu-roles/nav-menu-roles.php on line 420
[26-May-2017 17:03:43 UTC] PHP Notice:  Undefined property: bawlogItems::$ID in /srv/www/por2folio/htdocs/wp-content/plugins/nav-menu-roles/nav-menu-roles.php on line 420
[26-May-2017 17:03:43 UTC] PHP Notice:  Undefined property: bawlogItems::$ID in /srv/www/por2folio/htdocs/wp-content/plugins/nav-menu-roles/nav-menu-roles.php on line 420
[26-May-2017 17:03:43 UTC] PHP Notice:  Undefined property: bawlogItems::$ID in /srv/www/por2folio/htdocs/wp-content/plugins/nav-menu-roles/nav-menu-roles.php on line 420
[26-May-2017 17:03:43 UTC] PHP Notice:  Undefined property: bawlogItems::$ID in /srv/www/por2folio/htdocs/wp-content/plugins/nav-menu-roles/nav-menu-roles.php on line 420
[26-May-2017 17:04:53 UTC] PHP Notice:  Undefined property: bawlogItems::$ID in /srv/www/por2folio/htdocs/wp-content/plugins/nav-menu-roles/nav-menu-roles.php on line 420
[26-May-2017 17:04:53 UTC] PHP Notice:  Undefined property: bawlogItems::$ID in /srv/www/por2folio/htdocs/wp-content/plugins/nav-menu-roles/nav-menu-roles.php on line 420
[26-May-2017 17:04:53 UTC] PHP Notice:  Undefined property: bawlogItems::$ID in /srv/www/por2folio/htdocs/wp-content/plugins/nav-menu-roles/nav-menu-roles.php on line 420
[26-May-2017 17:04:53 UTC] PHP Notice:  Undefined property: bawlogItems::$ID in /srv/www/por2folio/htdocs/wp-content/plugins/nav-menu-roles/nav-menu-roles.php on line 420
[26-May-2017 17:05:03 UTC] PHP Notice:  Undefined property: bawlogItems::$ID in /srv/www/por2folio/htdocs/wp-content/plugins/nav-menu-roles/nav-menu-roles.php on line 420
[26-May-2017 17:05:03 UTC] PHP Notice:  Undefined property: bawlogItems::$ID in /srv/www/por2folio/htdocs/wp-content/plugins/nav-menu-roles/nav-menu-roles.php on line 420
[26-May-2017 17:05:03 UTC] PHP Notice:  Undefined property: bawlogItems::$ID in /srv/www/por2folio/htdocs/wp-content/plugins/nav-menu-roles/nav-menu-roles.php on line 420
[26-May-2017 17:05:03 UTC] PHP Notice:  Undefined property: bawlogItems::$ID in /srv/www/por2folio/htdocs/wp-content/plugins/nav-menu-roles/nav-menu-roles.php on line 420
[26-May-2017 17:05:18 UTC] PHP Notice:  Undefined property: bawlogItems::$ID in /srv/www/por2folio/htdocs/wp-content/plugins/nav-menu-roles/nav-menu-roles.php on line 420
[26-May-2017 17:05:18 UTC] PHP Notice:  Undefined property: bawlogItems::$ID in /srv/www/por2folio/htdocs/wp-content/plugins/nav-menu-roles/nav-menu-roles.php on line 420
[26-May-2017 17:05:18 UTC] PHP Notice:  Undefined property: bawlogItems::$ID in /srv/www/por2folio/htdocs/wp-content/plugins/nav-menu-roles/nav-menu-roles.php on line 420
[26-May-2017 17:05:18 UTC] PHP Notice:  Undefined property: bawlogItems::$ID in /srv/www/por2folio/htdocs/wp-content/plugins/nav-menu-roles/nav-menu-roles.php on line 420
[26-May-2017 17:08:13 UTC] PHP Notice:  Undefined property: bawlogItems::$ID in /srv/www/por2folio/htdocs/wp-content/plugins/nav-menu-roles/nav-menu-roles.php on line 420
[26-May-2017 17:08:13 UTC] PHP Notice:  Undefined property: bawlogItems::$ID in /srv/www/por2folio/htdocs/wp-content/plugins/nav-menu-roles/nav-menu-roles.php on line 420
[26-May-2017 17:08:13 UTC] PHP Notice:  Undefined property: bawlogItems::$ID in /srv/www/por2folio/htdocs/wp-content/plugins/nav-menu-roles/nav-menu-roles.php on line 420
[26-May-2017 17:08:13 UTC] PHP Notice:  Undefined property: bawlogItems::$ID in /srv/www/por2folio/htdocs/wp-content/plugins/nav-menu-roles/nav-menu-roles.php on line 420
[26-May-2017 17:09:08 UTC] PHP Notice:  Undefined property: bawlogItems::$ID in /srv/www/por2folio/htdocs/wp-content/plugins/nav-menu-roles/nav-menu-roles.php on line 420
[26-May-2017 17:09:08 UTC] PHP Notice:  Undefined property: bawlogItems::$ID in /srv/www/por2folio/htdocs/wp-content/plugins/nav-menu-roles/nav-menu-roles.php on line 420
[26-May-2017 17:09:08 UTC] PHP Notice:  Undefined property: bawlogItems::$ID in /srv/www/por2folio/htdocs/wp-content/plugins/nav-menu-roles/nav-menu-roles.php on line 420
[26-May-2017 17:09:08 UTC] PHP Notice:  Undefined property: bawlogItems::$ID in /srv/www/por2folio/htdocs/wp-content/plugins/nav-menu-roles/nav-menu-roles.php on line 420
[26-May-2017 17:09:44 UTC] PHP Notice:  Undefined property: bawlogItems::$ID in /srv/www/por2folio/htdocs/wp-content/plugins/nav-menu-roles/nav-menu-roles.php on line 420
[26-May-2017 17:09:44 UTC] PHP Notice:  Undefined property: bawlogItems::$ID in /srv/www/por2folio/htdocs/wp-content/plugins/nav-menu-roles/nav-menu-roles.php on line 420
[26-May-2017 17:09:44 UTC] PHP Notice:  Undefined property: bawlogItems::$ID in /srv/www/por2folio/htdocs/wp-content/plugins/nav-menu-roles/nav-menu-roles.php on line 420
[26-May-2017 17:09:44 UTC] PHP Notice:  Undefined property: bawlogItems::$ID in /srv/www/por2folio/htdocs/wp-content/plugins/nav-menu-roles/nav-menu-roles.php on line 420
[26-May-2017 17:10:25 UTC] PHP Notice:  Undefined property: bawlogItems::$ID in /srv/www/por2folio/htdocs/wp-content/plugins/nav-menu-roles/nav-menu-roles.php on line 420
[26-May-2017 17:10:25 UTC] PHP Notice:  Undefined property: bawlogItems::$ID in /srv/www/por2folio/htdocs/wp-content/plugins/nav-menu-roles/nav-menu-roles.php on line 420
[26-May-2017 17:10:25 UTC] PHP Notice:  Undefined property: bawlogItems::$ID in /srv/www/por2folio/htdocs/wp-content/plugins/nav-menu-roles/nav-menu-roles.php on line 420
[26-May-2017 17:10:25 UTC] PHP Notice:  Undefined property: bawlogItems::$ID in /srv/www/por2folio/htdocs/wp-content/plugins/nav-menu-roles/nav-menu-roles.php on line 420
[26-May-2017 17:10:43 UTC] PHP Notice:  Undefined property: bawlogItems::$ID in /srv/www/por2folio/htdocs/wp-content/plugins/nav-menu-roles/nav-menu-roles.php on line 420
[26-May-2017 17:10:43 UTC] PHP Notice:  Undefined property: bawlogItems::$ID in /srv/www/por2folio/htdocs/wp-content/plugins/nav-menu-roles/nav-menu-roles.php on line 420
[26-May-2017 17:10:43 UTC] PHP Notice:  Undefined property: bawlogItems::$ID in /srv/www/por2folio/htdocs/wp-content/plugins/nav-menu-roles/nav-menu-roles.php on line 420
[26-May-2017 17:10:43 UTC] PHP Notice:  Undefined property: bawlogItems::$ID in /srv/www/por2folio/htdocs/wp-content/plugins/nav-menu-roles/nav-menu-roles.php on line 420
[26-May-2017 17:10:52 UTC] PHP Notice:  Undefined property: bawlogItems::$ID in /srv/www/por2folio/htdocs/wp-content/plugins/nav-menu-roles/nav-menu-roles.php on line 420
[26-May-2017 17:10:52 UTC] PHP Notice:  Undefined property: bawlogItems::$ID in /srv/www/por2folio/htdocs/wp-content/plugins/nav-menu-roles/nav-menu-roles.php on line 420
[26-May-2017 17:10:52 UTC] PHP Notice:  Undefined property: bawlogItems::$ID in /srv/www/por2folio/htdocs/wp-content/plugins/nav-menu-roles/nav-menu-roles.php on line 420
[26-May-2017 17:10:52 UTC] PHP Notice:  Undefined property: bawlogItems::$ID in /srv/www/por2folio/htdocs/wp-content/plugins/nav-menu-roles/nav-menu-roles.php on line 420
[26-May-2017 17:10:58 UTC] PHP Notice:  Undefined property: bawlogItems::$ID in /srv/www/por2folio/htdocs/wp-content/plugins/nav-menu-roles/nav-menu-roles.php on line 420
[26-May-2017 17:10:58 UTC] PHP Notice:  Undefined property: bawlogItems::$ID in /srv/www/por2folio/htdocs/wp-content/plugins/nav-menu-roles/nav-menu-roles.php on line 420
[26-May-2017 17:10:58 UTC] PHP Notice:  Undefined property: bawlogItems::$ID in /srv/www/por2folio/htdocs/wp-content/plugins/nav-menu-roles/nav-menu-roles.php on line 420
[26-May-2017 17:10:58 UTC] PHP Notice:  Undefined property: bawlogItems::$ID in /srv/www/por2folio/htdocs/wp-content/plugins/nav-menu-roles/nav-menu-roles.php on line 420
[26-May-2017 17:11:03 UTC] PHP Notice:  Undefined property: bawlogItems::$ID in /srv/www/por2folio/htdocs/wp-content/plugins/nav-menu-roles/nav-menu-roles.php on line 420
[26-May-2017 17:11:03 UTC] PHP Notice:  Undefined property: bawlogItems::$ID in /srv/www/por2folio/htdocs/wp-content/plugins/nav-menu-roles/nav-menu-roles.php on line 420
[26-May-2017 17:11:03 UTC] PHP Notice:  Undefined property: bawlogItems::$ID in /srv/www/por2folio/htdocs/wp-content/plugins/nav-menu-roles/nav-menu-roles.php on line 420
[26-May-2017 17:11:03 UTC] PHP Notice:  Undefined property: bawlogItems::$ID in /srv/www/por2folio/htdocs/wp-content/plugins/nav-menu-roles/nav-menu-roles.php on line 420
[26-May-2017 17:13:45 UTC] PHP Notice:  Undefined property: bawlogItems::$ID in /srv/www/por2folio/htdocs/wp-content/plugins/nav-menu-roles/nav-menu-roles.php on line 420
[26-May-2017 17:13:45 UTC] PHP Notice:  Undefined property: bawlogItems::$ID in /srv/www/por2folio/htdocs/wp-content/plugins/nav-menu-roles/nav-menu-roles.php on line 420
[26-May-2017 17:13:45 UTC] PHP Notice:  Undefined property: bawlogItems::$ID in /srv/www/por2folio/htdocs/wp-content/plugins/nav-menu-roles/nav-menu-roles.php on line 420
[26-May-2017 17:13:45 UTC] PHP Notice:  Undefined property: bawlogItems::$ID in /srv/www/por2folio/htdocs/wp-content/plugins/nav-menu-roles/nav-menu-roles.php on line 420
[26-May-2017 17:17:32 UTC] PHP Notice:  Undefined property: bawlogItems::$ID in /srv/www/por2folio/htdocs/wp-content/plugins/nav-menu-roles/nav-menu-roles.php on line 420
[26-May-2017 17:17:32 UTC] PHP Notice:  Undefined property: bawlogItems::$ID in /srv/www/por2folio/htdocs/wp-content/plugins/nav-menu-roles/nav-menu-roles.php on line 420
[26-May-2017 17:17:32 UTC] PHP Notice:  Undefined property: bawlogItems::$ID in /srv/www/por2folio/htdocs/wp-content/plugins/nav-menu-roles/nav-menu-roles.php on line 420
[26-May-2017 17:17:32 UTC] PHP Notice:  Undefined property: bawlogItems::$ID in /srv/www/por2folio/htdocs/wp-content/plugins/nav-menu-roles/nav-menu-roles.php on line 420
[26-May-2017 17:41:54 UTC] PHP Notice:  Undefined index: v_exclude_category in /srv/www/por2folio/htdocs/wp-content/plugins/rating-system/admin/framework/Sse.class.php on line 149
[26-May-2017 17:41:54 UTC] PHP Notice:  Undefined index: v_exclude_post_types-p in /srv/www/por2folio/htdocs/wp-content/plugins/rating-system/admin/framework/Sse.class.php on line 149
[02-Jun-2017 12:38:26 UTC] PHP Fatal error:  Uncaught Error: Class 'Fragen\GitHub_Updater\GitHub_API' not found in /srv/www/por2folio/htdocs/wp-content/plugins/github-updater-develop/src/GitHub_Updater/Base.php:460
Stack trace:
#0 /srv/www/por2folio/htdocs/wp-content/plugins/github-updater-develop/src/GitHub_Updater/Plugin.php(197): Fragen\GitHub_Updater\Base->get_remote_repo_meta(Object(stdClass))
#1 /srv/www/por2folio/htdocs/wp-content/plugins/github-updater-develop/src/GitHub_Updater/Base.php(313): Fragen\GitHub_Updater\Plugin->get_remote_plugin_meta()
#2 /srv/www/por2folio/htdocs/wp-content/plugins/github-updater-develop/src/GitHub_Updater/Base.php(1378): Fragen\GitHub_Updater\Base->forced_meta_update_plugins(true)
#3 /srv/www/por2folio/htdocs/wp-content/plugins/github-updater-develop/src/GitHub_Updater/API.php(71): Fragen\GitHub_Updater\Base->make_update_transient_current('update_plugins')
#4 /srv/www/por2folio/htdocs/wp-includes/class-wp-hook.php(298): Fragen\GitHub_Updater\API::wp_update_response(Array, Array, 'https://api.wor...')
#5 /srv/www/po in /srv/www/por2folio/htdocs/wp-content/plugins/github-updater-develop/src/GitHub_Updater/Base.php on line 460
[02-Jun-2017 12:42:15 UTC] PHP Notice:  Undefined offset: 1 in /srv/www/por2folio/htdocs/wp-admin/includes/dashboard.php on line 1227
[02-Jun-2017 15:21:01 UTC] PHP Notice:  Undefined index: page in /srv/www/por2folio/htdocs/wp-content/plugins/file-away/lib/cls/class.fileaway_admin.php on line 970
[02-Jun-2017 15:35:46 UTC] PHP Fatal error:  Maximum execution time of 30 seconds exceeded in /srv/www/por2folio/htdocs/wp-content/plugins/wp-file-manager/lib/php/elFinderVolumeDriver.class.php on line 3797
